<?xml version="1.0" encoding="UTF-8"?>
<!-- Generated by org.testng.reporters.JUnitXMLReporter -->
<testsuite ignored="0" hostname="LAPTOP-LVGKT8ME" failures="0" tests="5" name="Default test" time="0.104" errors="0" timestamp="2023-03-12T11:38:27 IST">
  <testcase classname="TestVagrant.com.test.TestVagrant_TestCase" name="testCase1" time="0.014"/>
  <testcase classname="TestVagrant.com.test.TestVagrant_TestCase" name="testCase2" time="0.002"/>
  <testcase classname="TestVagrant.com.test.TestVagrant_TestCase" name="testCase3" time="0.003"/>
  <testcase classname="TestVagrant.com.test.TestVagrant_TestCase" name="testCase4" time="0.002"/>
  <testcase classname="TestVagrant.com.test.TestVagrant_TestCase" name="testCase5" time="0.003"/>
</testsuite> <!-- Default test -->
