<?xml version="1.0" encoding="UTF-8"?>
<testng-results ignored="0" total="5" passed="5" failed="0" skipped="0">
  <reporter-output>
  </reporter-output>
  <suite started-at="2023-03-12T11:38:27 IST" name="Default suite" finished-at="2023-03-12T11:38:27 IST" duration-ms="104">
    <groups>
    </groups>
    <test started-at="2023-03-12T11:38:27 IST" name="Default test" finished-at="2023-03-12T11:38:27 IST" duration-ms="104">
      <class name="TestVagrant.com.test.TestVagrant_TestCase">
        <test-method signature="testCase1()[pri:1, instance:TestVagrant.com.test.TestVagrant_TestCase@424e1977]" started-at="2023-03-12T11:38:27 IST" name="testCase1" finished-at="2023-03-12T11:38:27 IST" duration-ms="14" status="PASS">
          <reporter-output>
          </reporter-output>
        </test-method> <!-- testCase1 -->
        <test-method signature="testCase2()[pri:2, instance:TestVagrant.com.test.TestVagrant_TestCase@424e1977]" started-at="2023-03-12T11:38:27 IST" name="testCase2" finished-at="2023-03-12T11:38:27 IST" depends-on-methods="TestVagrant.com.test.TestVagrant_TestCase.testCase1" duration-ms="2" status="PASS">
          <reporter-output>
          </reporter-output>
        </test-method> <!-- testCase2 -->
        <test-method signature="testCase3()[pri:3, instance:TestVagrant.com.test.TestVagrant_TestCase@424e1977]" started-at="2023-03-12T11:38:27 IST" name="testCase3" finished-at="2023-03-12T11:38:27 IST" depends-on-methods="TestVagrant.com.test.TestVagrant_TestCase.testCase2" duration-ms="3" status="PASS">
          <reporter-output>
          </reporter-output>
        </test-method> <!-- testCase3 -->
        <test-method signature="testCase4()[pri:4, instance:TestVagrant.com.test.TestVagrant_TestCase@424e1977]" started-at="2023-03-12T11:38:27 IST" name="testCase4" finished-at="2023-03-12T11:38:27 IST" depends-on-methods="TestVagrant.com.test.TestVagrant_TestCase.testCase3" duration-ms="2" status="PASS">
          <reporter-output>
          </reporter-output>
        </test-method> <!-- testCase4 -->
        <test-method signature="testCase5()[pri:5, instance:TestVagrant.com.test.TestVagrant_TestCase@424e1977]" started-at="2023-03-12T11:38:27 IST" name="testCase5" finished-at="2023-03-12T11:38:27 IST" duration-ms="3" status="PASS">
          <reporter-output>
          </reporter-output>
        </test-method> <!-- testCase5 -->
      </class> <!-- TestVagrant.com.test.TestVagrant_TestCase -->
    </test> <!-- Default test -->
  </suite> <!-- Default suite -->
</testng-results>
